2025-09-21 02:37:03.582 [info] [main] Log level: Info
2025-09-21 02:37:03.582 [info] [main] Validating found git in: "git"
2025-09-21 02:37:03.582 [info] [main] Using git "2.25.1" from "git"
2025-09-21 02:37:03.582 [info] [Model][doInitialScan] Initial repository scan started
2025-09-21 02:37:03.582 [info] > git rev-parse --show-toplevel [342ms]
2025-09-21 02:37:03.582 [info] > git rev-parse --git-dir --git-common-dir --show-superproject-working-tree [666ms]
2025-09-21 02:37:03.582 [info] [Model][openRepository] Opened repository (path): /workspace/project
2025-09-21 02:37:03.582 [info] [Model][openRepository] Opened repository (real path): /workspace/project
2025-09-21 02:37:03.582 [info] [Model][openRepository] Opened repository (kind): repository
2025-09-21 02:37:03.584 [info] > git rev-parse --show-toplevel [80ms]
2025-09-21 02:37:03.586 [info] > git config --get commit.template [92ms]
2025-09-21 02:37:03.945 [info] > git for-each-ref --format=%(refname)%00%(upstream:short)%00%(objectname)%00%(upstream:track)%00%(upstream:remotename)%00%(upstream:remoteref) refs/heads/master refs/remotes/master [29ms]
2025-09-21 02:37:03.971 [info] > git rev-parse --show-toplevel [79ms]
2025-09-21 02:37:03.977 [info] [Model][doInitialScan] Initial repository scan completed - repositories (1), closed repositories (0), parent repositories (0), unsafe repositories (0)
2025-09-21 02:37:03.992 [info] > git status -z -uall [34ms]
2025-09-21 02:37:03.993 [info] > git for-each-ref --sort -committerdate --format %(refname)%00%(objectname)%00%(*objectname) [23ms]
2025-09-21 02:37:04.075 [info] > git check-ignore -v -z --stdin [17ms]
2025-09-21 02:37:04.076 [info] > git for-each-ref --format=%(refname)%00%(upstream:short)%00%(objectname)%00%(upstream:track)%00%(upstream:remotename)%00%(upstream:remoteref) refs/heads/master refs/remotes/master [38ms]
2025-09-21 02:37:04.090 [info] > git config --get commit.template [20ms]
2025-09-21 02:37:04.093 [info] > git config --get --local branch.master.vscode-merge-base [5ms]
2025-09-21 02:37:04.093 [warning] [Git][config] git config failed: Failed to execute git
2025-09-21 02:37:04.126 [info] > git reflog master --grep-reflog=branch: Created from *. [22ms]
2025-09-21 02:37:04.684 [info] > git for-each-ref --format=%(refname)%00%(upstream:short)%00%(objectname)%00%(upstream:track)%00%(upstream:remotename)%00%(upstream:remoteref) refs/heads/master refs/remotes/master [563ms]
2025-09-21 02:37:04.729 [info] > git status -z -uall [34ms]
2025-09-21 02:37:04.731 [info] > git symbolic-ref --short refs/remotes/coderoad/HEAD [594ms]
2025-09-21 02:37:04.731 [info] fatal: ref refs/remotes/coderoad/HEAD is not a symbolic ref
2025-09-21 02:37:04.731 [warning] [Repository][getDefaultBranch] Failed to get default branch details: Failed to execute git.
2025-09-21 02:37:04.742 [info] > git for-each-ref --sort -committerdate --format %(refname)%00%(objectname)%00%(*objectname) [36ms]
2025-09-21 02:37:06.577 [info] > git config --get commit.template [7ms]
2025-09-21 02:37:06.606 [info] > git for-each-ref --format=%(refname)%00%(upstream:short)%00%(objectname)%00%(upstream:track)%00%(upstream:remotename)%00%(upstream:remoteref) refs/heads/master refs/remotes/master [13ms]
2025-09-21 02:37:06.632 [info] > git status -z -uall [15ms]
2025-09-21 02:37:06.635 [info] > git for-each-ref --sort -committerdate --format %(refname)%00%(objectname)%00%(*objectname) [5ms]
2025-09-21 02:37:10.174 [info] > git config --get commit.template [26ms]
2025-09-21 02:37:10.177 [info] > git for-each-ref --format=%(refname)%00%(upstream:short)%00%(objectname)%00%(upstream:track)%00%(upstream:remotename)%00%(upstream:remoteref) refs/heads/master refs/remotes/master [8ms]
2025-09-21 02:37:10.255 [info] > git status -z -uall [41ms]
2025-09-21 02:37:10.260 [info] > git for-each-ref --sort -committerdate --format %(refname)%00%(objectname)%00%(*objectname) [27ms]
