2025-09-21 02:43:45.214 [info] [main] Log level: Info
2025-09-21 02:43:45.214 [info] [main] Validating found git in: "git"
2025-09-21 02:43:45.214 [info] [main] Using git "2.25.1" from "git"
2025-09-21 02:43:45.214 [info] [Model][doInitialScan] Initial repository scan started
2025-09-21 02:43:45.214 [info] > git rev-parse --show-toplevel [296ms]
2025-09-21 02:43:45.222 [info] > git rev-parse --git-dir --git-common-dir --show-superproject-working-tree [466ms]
2025-09-21 02:43:45.245 [info] [Model][openRepository] Opened repository (path): /workspace/project
2025-09-21 02:43:45.245 [info] [Model][openRepository] Opened repository (real path): /workspace/project
2025-09-21 02:43:45.245 [info] [Model][openRepository] Opened repository (kind): repository
2025-09-21 02:43:46.050 [info] > git rev-parse --show-toplevel [33ms]
2025-09-21 02:43:46.052 [info] > git config --get commit.template [45ms]
2025-09-21 02:43:46.079 [info] > git rev-parse --show-toplevel [15ms]
2025-09-21 02:43:46.086 [info] [Model][doInitialScan] Initial repository scan completed - repositories (1), closed repositories (0), parent repositories (0), unsafe repositories (0)
2025-09-21 02:43:46.100 [info] > git for-each-ref --format=%(refname)%00%(upstream:short)%00%(objectname)%00%(upstream:track)%00%(upstream:remotename)%00%(upstream:remoteref) refs/heads/master refs/remotes/master [25ms]
2025-09-21 02:43:46.203 [info] > git status -z -uall [90ms]
2025-09-21 02:43:46.207 [info] > git for-each-ref --sort -committerdate --format %(refname)%00%(objectname)%00%(*objectname) [82ms]
2025-09-21 02:43:46.297 [info] > git for-each-ref --format=%(refname)%00%(upstream:short)%00%(objectname)%00%(upstream:track)%00%(upstream:remotename)%00%(upstream:remoteref) refs/heads/master refs/remotes/master [36ms]
2025-09-21 02:43:46.326 [info] > git config --get --local branch.master.vscode-merge-base [13ms]
2025-09-21 02:43:46.326 [warning] [Git][config] git config failed: Failed to execute git
2025-09-21 02:43:46.337 [info] > git config --get commit.template [55ms]
2025-09-21 02:43:46.910 [info] > git check-ignore -v -z --stdin [16ms]
2025-09-21 02:43:46.911 [info] > git reflog master --grep-reflog=branch: Created from *. [575ms]
2025-09-21 02:43:46.935 [info] > git for-each-ref --format=%(refname)%00%(upstream:short)%00%(objectname)%00%(upstream:track)%00%(upstream:remotename)%00%(upstream:remoteref) refs/heads/master refs/remotes/master [29ms]
2025-09-21 02:43:46.957 [info] > git status -z -uall [12ms]
2025-09-21 02:43:46.958 [info] > git symbolic-ref --short refs/remotes/coderoad/HEAD [38ms]
2025-09-21 02:43:46.958 [info] fatal: ref refs/remotes/coderoad/HEAD is not a symbolic ref
2025-09-21 02:43:46.958 [warning] [Repository][getDefaultBranch] Failed to get default branch details: Failed to execute git.
2025-09-21 02:43:46.962 [info] > git for-each-ref --sort -committerdate --format %(refname)%00%(objectname)%00%(*objectname) [6ms]
2025-09-21 02:43:48.307 [info] > git config --get commit.template [20ms]
2025-09-21 02:43:48.598 [info] > git for-each-ref --format=%(refname)%00%(upstream:short)%00%(objectname)%00%(upstream:track)%00%(upstream:remotename)%00%(upstream:remoteref) refs/heads/master refs/remotes/master [282ms]
2025-09-21 02:43:48.634 [info] > git status -z -uall [25ms]
2025-09-21 02:43:48.635 [info] > git for-each-ref --sort -committerdate --format %(refname)%00%(objectname)%00%(*objectname) [16ms]
2025-09-21 02:44:21.659 [info] > git config --get commit.template [18ms]
2025-09-21 02:44:21.660 [info] > git for-each-ref --format=%(refname)%00%(upstream:short)%00%(objectname)%00%(upstream:track)%00%(upstream:remotename)%00%(upstream:remoteref) refs/heads/master refs/remotes/master [4ms]
2025-09-21 02:44:21.689 [info] > git status -z -uall [13ms]
2025-09-21 02:44:21.692 [info] > git for-each-ref --sort -committerdate --format %(refname)%00%(objectname)%00%(*objectname) [5ms]
2025-09-21 02:44:32.165 [info] > git config --get commit.template [15ms]
2025-09-21 02:44:32.167 [info] > git for-each-ref --format=%(refname)%00%(upstream:short)%00%(objectname)%00%(upstream:track)%00%(upstream:remotename)%00%(upstream:remoteref) refs/heads/master refs/remotes/master [4ms]
2025-09-21 02:44:32.195 [info] > git status -z -uall [15ms]
2025-09-21 02:44:32.199 [info] > git for-each-ref --sort -committerdate --format %(refname)%00%(objectname)%00%(*objectname) [6ms]
2025-09-21 02:44:44.056 [warning] [Git][getHEAD] Failed to parse HEAD file: ENOENT: no such file or directory, open '/workspace/project/.git/HEAD'
2025-09-21 02:44:44.069 [warning] [Git][getRemotes] Error: ENOENT: no such file or directory, open '/workspace/project/.git/config'
2025-09-21 02:44:44.090 [info] > git remote --verbose [21ms]
2025-09-21 02:44:44.090 [info] fatal: not a git repository (or any of the parent directories): .git
2025-09-21 02:44:44.098 [info] > git symbolic-ref --short HEAD [41ms]
2025-09-21 02:44:44.098 [info] fatal: not a git repository (or any of the parent directories): .git
2025-09-21 02:44:44.122 [warning] [Git][getHEAD] Failed to parse HEAD file: ENOENT: no such file or directory, open '/workspace/project/.git/HEAD'
2025-09-21 02:44:44.135 [warning] [Git][getRemotes] Error: ENOENT: no such file or directory, open '/workspace/project/.git/config'
2025-09-21 02:44:44.155 [info] > git config --get commit.template [66ms]
2025-09-21 02:44:44.157 [info] > git config --get commit.template [8ms]
2025-09-21 02:44:44.157 [info] > git remote --verbose [22ms]
2025-09-21 02:44:44.157 [info] fatal: not a git repository (or any of the parent directories): .git
2025-09-21 02:44:44.157 [info] > git symbolic-ref --short HEAD [35ms]
2025-09-21 02:44:44.157 [info] fatal: not a git repository (or any of the parent directories): .git
2025-09-21 02:44:44.169 [info] > git rev-parse HEAD [59ms]
2025-09-21 02:44:44.169 [info] fatal: not a git repository (or any of the parent directories): .git
2025-09-21 02:44:44.171 [info] > git rev-parse HEAD [3ms]
2025-09-21 02:44:44.171 [info] fatal: not a git repository (or any of the parent directories): .git
2025-09-21 02:46:25.029 [info] > git rev-parse --show-toplevel [2ms]
2025-09-21 02:46:25.047 [info] > git rev-parse --git-dir --git-common-dir --show-superproject-working-tree [5ms]
2025-09-21 02:46:25.055 [info] [Model][openRepository] Opened repository (path): /workspace/project
2025-09-21 02:46:25.055 [info] [Model][openRepository] Opened repository (real path): /workspace/project
2025-09-21 02:46:25.055 [info] [Model][openRepository] Opened repository (kind): repository
2025-09-21 02:46:25.077 [info] > git config --get commit.template [6ms]
2025-09-21 02:46:25.094 [info] [Git][getRemotes] No remotes found in the git config file
2025-09-21 02:46:25.101 [info] > git for-each-ref --format=%(refname)%00%(upstream:short)%00%(objectname)%00%(upstream:track)%00%(upstream:remotename)%00%(upstream:remoteref) refs/heads/master refs/remotes/master [8ms]
2025-09-21 02:46:25.101 [warning] [Git][getBranch] No such branch: master
2025-09-21 02:46:25.136 [info] > git status -z -uall [18ms]
2025-09-21 02:46:25.139 [info] > git for-each-ref --sort -committerdate --format %(refname)%00%(objectname)%00%(*objectname) [5ms]
2025-09-21 02:46:25.181 [info] > git for-each-ref --format=%(refname)%00%(upstream:short)%00%(objectname)%00%(upstream:track)%00%(upstream:remotename)%00%(upstream:remoteref) refs/heads/master refs/remotes/master [22ms]
2025-09-21 02:46:25.181 [warning] [Git][getBranch] No such branch: master
2025-09-21 02:46:25.182 [error] [GitHistoryProvider][resolveHEADMergeBase] Failed to resolve merge base for master: Error: No such branch: master.
2025-09-21 02:46:25.184 [info] > git config --get commit.template [4ms]
2025-09-21 02:46:25.198 [info] [Git][getRemotes] No remotes found in the git config file
2025-09-21 02:46:25.201 [info] > git for-each-ref --format=%(refname)%00%(upstream:short)%00%(objectname)%00%(upstream:track)%00%(upstream:remotename)%00%(upstream:remoteref) refs/heads/master refs/remotes/master [3ms]
2025-09-21 02:46:25.201 [warning] [Git][getBranch] No such branch: master
2025-09-21 02:46:25.246 [info] > git status -z -uall [31ms]
2025-09-21 02:46:25.248 [info] > git for-each-ref --sort -committerdate --format %(refname)%00%(objectname)%00%(*objectname) [18ms]
2025-09-21 02:46:28.733 [info] > git config --get commit.template [16ms]
2025-09-21 02:46:28.734 [info] > git for-each-ref --format=%(refname)%00%(upstream:short)%00%(objectname)%00%(upstream:track)%00%(upstream:remotename)%00%(upstream:remoteref) refs/heads/master refs/remotes/master [3ms]
2025-09-21 02:46:28.761 [info] > git status -z -uall [15ms]
2025-09-21 02:46:28.765 [info] > git for-each-ref --sort -committerdate --format %(refname)%00%(objectname)%00%(*objectname) [4ms]
2025-09-21 02:46:46.514 [info] > git config --get commit.template [16ms]
2025-09-21 02:46:46.517 [info] > git for-each-ref --format=%(refname)%00%(upstream:short)%00%(objectname)%00%(upstream:track)%00%(upstream:remotename)%00%(upstream:remoteref) refs/heads/master refs/remotes/master [4ms]
2025-09-21 02:46:46.545 [info] > git status -z -uall [15ms]
2025-09-21 02:46:46.550 [info] > git for-each-ref --sort -committerdate --format %(refname)%00%(objectname)%00%(*objectname) [6ms]
2025-09-21 02:48:15.244 [info] > git config --get commit.template [3ms]
2025-09-21 02:48:15.261 [info] > git for-each-ref --format=%(refname)%00%(upstream:short)%00%(objectname)%00%(upstream:track)%00%(upstream:remotename)%00%(upstream:remoteref) refs/heads/master refs/remotes/master [3ms]
2025-09-21 02:48:15.292 [info] > git status -z -uall [16ms]
2025-09-21 02:48:15.297 [info] > git for-each-ref --sort -committerdate --format %(refname)%00%(objectname)%00%(*objectname) [6ms]
2025-09-21 02:50:35.337 [info] > git log --format=%H%n%aN%n%aE%n%at%n%ct%n%P%n%D%n%B -z --shortstat -n50 --skip=0 --topo-order --decorate=full --stdin [33ms]
2025-09-21 02:50:35.853 [info] > git check-ignore -v -z --stdin [2ms]
2025-09-21 04:43:21.987 [info] > git config --get commit.template [19ms]
2025-09-21 04:43:21.988 [info] > git for-each-ref --format=%(refname)%00%(upstream:short)%00%(objectname)%00%(upstream:track)%00%(upstream:remotename)%00%(upstream:remoteref) refs/heads/master refs/remotes/master [4ms]
2025-09-21 04:43:22.022 [info] > git status -z -uall [19ms]
2025-09-21 04:43:22.026 [info] > git for-each-ref --sort -committerdate --format %(refname)%00%(objectname)%00%(*objectname) [6ms]
2025-09-21 04:44:31.952 [info] > git config --get commit.template [17ms]
2025-09-21 04:44:31.955 [info] > git for-each-ref --format=%(refname)%00%(upstream:short)%00%(objectname)%00%(upstream:track)%00%(upstream:remotename)%00%(upstream:remoteref) refs/heads/master refs/remotes/master [3ms]
2025-09-21 04:44:31.988 [info] > git status -z -uall [18ms]
2025-09-21 04:44:31.990 [info] > git for-each-ref --sort -committerdate --format %(refname)%00%(objectname)%00%(*objectname) [5ms]
2025-09-21 04:44:37.039 [info] > git config --get commit.template [16ms]
2025-09-21 04:44:37.041 [info] > git for-each-ref --format=%(refname)%00%(upstream:short)%00%(objectname)%00%(upstream:track)%00%(upstream:remotename)%00%(upstream:remoteref) refs/heads/master refs/remotes/master [3ms]
2025-09-21 04:44:37.072 [info] > git status -z -uall [17ms]
2025-09-21 04:44:37.074 [info] > git for-each-ref --sort -committerdate --format %(refname)%00%(objectname)%00%(*objectname) [5ms]
2025-09-21 04:45:11.220 [info] > git config --get commit.template [16ms]
2025-09-21 04:45:11.222 [info] > git for-each-ref --format=%(refname)%00%(upstream:short)%00%(objectname)%00%(upstream:track)%00%(upstream:remotename)%00%(upstream:remoteref) refs/heads/master refs/remotes/master [3ms]
2025-09-21 04:45:11.255 [info] > git status -z -uall [18ms]
2025-09-21 04:45:11.257 [info] > git for-each-ref --sort -committerdate --format %(refname)%00%(objectname)%00%(*objectname) [5ms]
2025-09-21 04:46:15.981 [info] > git config --get commit.template [14ms]
2025-09-21 04:46:15.983 [info] > git for-each-ref --format=%(refname)%00%(upstream:short)%00%(objectname)%00%(upstream:track)%00%(upstream:remotename)%00%(upstream:remoteref) refs/heads/master refs/remotes/master [3ms]
2025-09-21 04:46:16.010 [info] > git status -z -uall [14ms]
2025-09-21 04:46:16.024 [info] > git for-each-ref --sort -committerdate --format %(refname)%00%(objectname)%00%(*objectname) [16ms]
2025-09-21 04:47:44.188 [info] > git config --get commit.template [16ms]
2025-09-21 04:47:44.190 [info] > git for-each-ref --format=%(refname)%00%(upstream:short)%00%(objectname)%00%(upstream:track)%00%(upstream:remotename)%00%(upstream:remoteref) refs/heads/master refs/remotes/master [3ms]
2025-09-21 04:47:44.219 [info] > git status -z -uall [15ms]
2025-09-21 04:47:44.223 [info] > git for-each-ref --sort -committerdate --format %(refname)%00%(objectname)%00%(*objectname) [5ms]
2025-09-21 04:47:52.292 [info] > git config --get commit.template [15ms]
2025-09-21 04:47:52.294 [info] > git for-each-ref --format=%(refname)%00%(upstream:short)%00%(objectname)%00%(upstream:track)%00%(upstream:remotename)%00%(upstream:remoteref) refs/heads/master refs/remotes/master [3ms]
2025-09-21 04:47:52.323 [info] > git status -z -uall [16ms]
2025-09-21 04:47:52.327 [info] > git for-each-ref --sort -committerdate --format %(refname)%00%(objectname)%00%(*objectname) [5ms]
2025-09-21 04:47:57.364 [info] > git config --get commit.template [18ms]
2025-09-21 04:47:57.367 [info] > git for-each-ref --format=%(refname)%00%(upstream:short)%00%(objectname)%00%(upstream:track)%00%(upstream:remotename)%00%(upstream:remoteref) refs/heads/master refs/remotes/master [4ms]
2025-09-21 04:47:57.396 [info] > git status -z -uall [14ms]
2025-09-21 04:47:57.400 [info] > git for-each-ref --sort -committerdate --format %(refname)%00%(objectname)%00%(*objectname) [5ms]
2025-09-21 04:48:02.444 [info] > git config --get commit.template [14ms]
2025-09-21 04:48:02.446 [info] > git for-each-ref --format=%(refname)%00%(upstream:short)%00%(objectname)%00%(upstream:track)%00%(upstream:remotename)%00%(upstream:remoteref) refs/heads/master refs/remotes/master [3ms]
2025-09-21 04:48:02.474 [info] > git status -z -uall [16ms]
2025-09-21 04:48:02.475 [info] > git for-each-ref --sort -committerdate --format %(refname)%00%(objectname)%00%(*objectname) [4ms]
2025-09-21 04:48:07.527 [info] > git config --get commit.template [16ms]
2025-09-21 04:48:07.530 [info] > git for-each-ref --format=%(refname)%00%(upstream:short)%00%(objectname)%00%(upstream:track)%00%(upstream:remotename)%00%(upstream:remoteref) refs/heads/master refs/remotes/master [4ms]
2025-09-21 04:48:07.561 [info] > git status -z -uall [16ms]
2025-09-21 04:48:07.565 [info] > git for-each-ref --sort -committerdate --format %(refname)%00%(objectname)%00%(*objectname) [5ms]
2025-09-21 04:48:12.619 [info] > git config --get commit.template [21ms]
2025-09-21 04:48:12.620 [info] > git for-each-ref --format=%(refname)%00%(upstream:short)%00%(objectname)%00%(upstream:track)%00%(upstream:remotename)%00%(upstream:remoteref) refs/heads/master refs/remotes/master [4ms]
2025-09-21 04:48:12.650 [info] > git status -z -uall [16ms]
2025-09-21 04:48:12.654 [info] > git for-each-ref --sort -committerdate --format %(refname)%00%(objectname)%00%(*objectname) [5ms]
2025-09-21 04:48:17.696 [info] > git config --get commit.template [15ms]
2025-09-21 04:48:17.699 [info] > git for-each-ref --format=%(refname)%00%(upstream:short)%00%(objectname)%00%(upstream:track)%00%(upstream:remotename)%00%(upstream:remoteref) refs/heads/master refs/remotes/master [3ms]
2025-09-21 04:48:17.728 [info] > git status -z -uall [15ms]
2025-09-21 04:48:17.733 [info] > git for-each-ref --sort -committerdate --format %(refname)%00%(objectname)%00%(*objectname) [6ms]
2025-09-21 04:49:08.252 [info] > git config --get commit.template [3ms]
2025-09-21 04:49:08.268 [info] > git for-each-ref --format=%(refname)%00%(upstream:short)%00%(objectname)%00%(upstream:track)%00%(upstream:remotename)%00%(upstream:remoteref) refs/heads/master refs/remotes/master [3ms]
2025-09-21 04:49:08.294 [info] > git status -z -uall [14ms]
2025-09-21 04:49:08.297 [info] > git for-each-ref --sort -committerdate --format %(refname)%00%(objectname)%00%(*objectname) [4ms]
2025-09-21 04:49:20.060 [info] > git config --get commit.template [16ms]
2025-09-21 04:49:20.062 [info] > git for-each-ref --format=%(refname)%00%(upstream:short)%00%(objectname)%00%(upstream:track)%00%(upstream:remotename)%00%(upstream:remoteref) refs/heads/master refs/remotes/master [3ms]
2025-09-21 04:49:20.091 [info] > git status -z -uall [15ms]
2025-09-21 04:49:20.096 [info] > git for-each-ref --sort -committerdate --format %(refname)%00%(objectname)%00%(*objectname) [6ms]
2025-09-21 04:49:26.196 [info] > git config --get commit.template [15ms]
2025-09-21 04:49:26.198 [info] > git for-each-ref --format=%(refname)%00%(upstream:short)%00%(objectname)%00%(upstream:track)%00%(upstream:remotename)%00%(upstream:remoteref) refs/heads/master refs/remotes/master [3ms]
2025-09-21 04:49:26.228 [info] > git status -z -uall [16ms]
2025-09-21 04:49:26.232 [info] > git for-each-ref --sort -committerdate --format %(refname)%00%(objectname)%00%(*objectname) [5ms]
2025-09-21 04:49:31.779 [info] > git config --get commit.template [18ms]
2025-09-21 04:49:31.781 [info] > git for-each-ref --format=%(refname)%00%(upstream:short)%00%(objectname)%00%(upstream:track)%00%(upstream:remotename)%00%(upstream:remoteref) refs/heads/master refs/remotes/master [3ms]
2025-09-21 04:49:31.811 [info] > git status -z -uall [16ms]
2025-09-21 04:49:31.815 [info] > git for-each-ref --sort -committerdate --format %(refname)%00%(objectname)%00%(*objectname) [5ms]
2025-09-21 04:49:53.808 [info] > git config --get commit.template [4ms]
2025-09-21 04:49:53.824 [info] > git for-each-ref --format=%(refname)%00%(upstream:short)%00%(objectname)%00%(upstream:track)%00%(upstream:remotename)%00%(upstream:remoteref) refs/heads/master refs/remotes/master [3ms]
2025-09-21 04:49:53.852 [info] > git status -z -uall [16ms]
2025-09-21 04:49:53.856 [info] > git for-each-ref --sort -committerdate --format %(refname)%00%(objectname)%00%(*objectname) [5ms]
2025-09-21 04:50:12.862 [info] > git config --get commit.template [3ms]
2025-09-21 04:50:12.880 [info] > git for-each-ref --format=%(refname)%00%(upstream:short)%00%(objectname)%00%(upstream:track)%00%(upstream:remotename)%00%(upstream:remoteref) refs/heads/master refs/remotes/master [3ms]
2025-09-21 04:50:12.909 [info] > git status -z -uall [14ms]
2025-09-21 04:50:12.912 [info] > git for-each-ref --sort -committerdate --format %(refname)%00%(objectname)%00%(*objectname) [4ms]
2025-09-21 04:50:21.366 [info] > git config --get commit.template [15ms]
2025-09-21 04:50:21.369 [info] > git for-each-ref --format=%(refname)%00%(upstream:short)%00%(objectname)%00%(upstream:track)%00%(upstream:remotename)%00%(upstream:remoteref) refs/heads/master refs/remotes/master [4ms]
2025-09-21 04:50:21.398 [info] > git status -z -uall [15ms]
2025-09-21 04:50:21.403 [info] > git for-each-ref --sort -committerdate --format %(refname)%00%(objectname)%00%(*objectname) [6ms]
