2025-09-20 15:41:30.953 [info] [main] Log level: Info
2025-09-20 15:41:30.953 [info] [main] Validating found git in: "git"
2025-09-20 15:41:30.953 [info] [main] Using git "2.25.1" from "git"
2025-09-20 15:41:30.953 [info] [Model][doInitialScan] Initial repository scan started
2025-09-20 15:41:30.953 [info] > git rev-parse --show-toplevel [861ms]
2025-09-20 15:41:30.953 [info] > git rev-parse --git-dir --git-common-dir --show-superproject-working-tree [809ms]
2025-09-20 15:41:30.953 [info] [Model][openRepository] Opened repository (path): /workspace/project
2025-09-20 15:41:30.953 [info] [Model][openRepository] Opened repository (real path): /workspace/project
2025-09-20 15:41:30.953 [info] [Model][openRepository] Opened repository (kind): repository
2025-09-20 15:41:30.953 [info] > git rev-parse --show-toplevel [25ms]
2025-09-20 15:41:30.953 [info] > git config --get commit.template [40ms]
2025-09-20 15:41:31.614 [info] > git check-ignore -v -z --stdin [52ms]
2025-09-20 15:41:31.616 [info] > git for-each-ref --format=%(refname)%00%(upstream:short)%00%(objectname)%00%(upstream:track)%00%(upstream:remotename)%00%(upstream:remoteref) refs/heads/master refs/remotes/master [74ms]
2025-09-20 15:41:31.652 [info] > git rev-parse --show-toplevel [682ms]
2025-09-20 15:41:31.663 [info] [Model][doInitialScan] Initial repository scan completed - repositories (1), closed repositories (0), parent repositories (0), unsafe repositories (0)
2025-09-20 15:41:31.691 [info] > git status -z -uall [58ms]
2025-09-20 15:41:31.692 [info] > git for-each-ref --sort -committerdate --format %(refname)%00%(objectname)%00%(*objectname) [41ms]
2025-09-20 15:41:31.851 [info] > git show --textconv :universe.sql [29ms]
2025-09-20 15:41:31.852 [info] > git for-each-ref --format=%(refname)%00%(upstream:short)%00%(objectname)%00%(upstream:track)%00%(upstream:remotename)%00%(upstream:remoteref) refs/heads/master refs/remotes/master [94ms]
2025-09-20 15:41:31.884 [info] > git config --get --local branch.master.vscode-merge-base [18ms]
2025-09-20 15:41:31.885 [warning] [Git][config] git config failed: Failed to execute git
2025-09-20 15:41:31.900 [info] > git ls-files --stage -- universe.sql [61ms]
2025-09-20 15:41:31.929 [info] > git config --get commit.template [139ms]
2025-09-20 15:41:32.100 [info] > git hash-object -t tree /dev/null [185ms]
2025-09-20 15:41:32.101 [warning] [GitFileSystemProvider][stat] File not found - git:/workspace/project/universe.sql.git?%7B%22path%22%3A%22%2Fworkspace%2Fproject%2Funiverse.sql%22%2C%22ref%22%3A%22%22%7D
2025-09-20 15:41:32.107 [info] > git reflog master --grep-reflog=branch: Created from *. [208ms]
2025-09-20 15:41:32.133 [info] > git hash-object -t tree /dev/null [205ms]
2025-09-20 15:41:32.134 [warning] [GitFileSystemProvider][readFile] File not found - git:/workspace/project/universe.sql.git?%7B%22path%22%3A%22%2Fworkspace%2Fproject%2Funiverse.sql%22%2C%22ref%22%3A%22%22%7D
2025-09-20 15:41:32.151 [info] > git for-each-ref --format=%(refname)%00%(upstream:short)%00%(objectname)%00%(upstream:track)%00%(upstream:remotename)%00%(upstream:remoteref) refs/heads/master refs/remotes/master [21ms]
2025-09-20 15:41:32.173 [info] > git symbolic-ref --short refs/remotes/coderoad/HEAD [55ms]
2025-09-20 15:41:32.173 [info] fatal: ref refs/remotes/coderoad/HEAD is not a symbolic ref
2025-09-20 15:41:32.173 [warning] [Repository][getDefaultBranch] Failed to get default branch details: Failed to execute git.
2025-09-20 15:41:33.071 [info] > git status -z -uall [910ms]
2025-09-20 15:41:33.080 [info] > git for-each-ref --sort -committerdate --format %(refname)%00%(objectname)%00%(*objectname) [908ms]
2025-09-20 15:41:33.143 [info] > git blame --root --incremental f715f90b52da1c824e59994f89efad2ce2458d17 -- universe.sql [6ms]
2025-09-20 15:41:33.144 [info] fatal: no such path universe.sql in f715f90b52da1c824e59994f89efad2ce2458d17
2025-09-20 15:41:34.682 [info] > git config --get commit.template [360ms]
2025-09-20 15:41:34.711 [info] > git for-each-ref --format=%(refname)%00%(upstream:short)%00%(objectname)%00%(upstream:track)%00%(upstream:remotename)%00%(upstream:remoteref) refs/heads/master refs/remotes/master [15ms]
2025-09-20 15:41:34.752 [info] > git status -z -uall [27ms]
2025-09-20 15:41:34.761 [info] > git for-each-ref --sort -committerdate --format %(refname)%00%(objectname)%00%(*objectname) [20ms]
