2025-09-20 04:34:59.428 [info] [main] Log level: Info
2025-09-20 04:34:59.428 [info] [main] Validating found git in: "git"
2025-09-20 04:34:59.428 [info] [main] Using git "2.25.1" from "git"
2025-09-20 04:34:59.428 [info] [Model][doInitialScan] Initial repository scan started
2025-09-20 04:34:59.428 [info] > git rev-parse --show-toplevel [41ms]
2025-09-20 04:34:59.428 [info] fatal: not a git repository (or any of the parent directories): .git
2025-09-20 04:34:59.428 [info] [Model][doInitialScan] Initial repository scan completed - repositories (0), closed repositories (0), parent repositories (0), unsafe repositories (0)
2025-09-20 04:35:03.449 [info] > git rev-parse --show-toplevel [8ms]
2025-09-20 04:35:03.449 [info] fatal: not a git repository (or any of the parent directories): .git
2025-09-20 04:35:25.449 [info] > git rev-parse --show-toplevel [20ms]
2025-09-20 04:35:25.449 [info] fatal: not a git repository (or any of the parent directories): .git
2025-09-20 04:36:24.409 [info] > git rev-parse --show-toplevel [10ms]
2025-09-20 04:36:24.410 [info] fatal: not a git repository (or any of the parent directories): .git
2025-09-20 04:37:40.950 [info] > git rev-parse --show-toplevel [18ms]
2025-09-20 04:37:41.043 [info] > git rev-parse --git-dir --git-common-dir --show-superproject-working-tree [34ms]
2025-09-20 04:37:41.211 [info] [Model][openRepository] Opened repository (path): /workspace/project
2025-09-20 04:37:41.211 [info] [Model][openRepository] Opened repository (real path): /workspace/project
2025-09-20 04:37:41.211 [info] [Model][openRepository] Opened repository (kind): repository
2025-09-20 04:37:41.372 [info] [Git][getRemotes] No remotes found in the git config file
2025-09-20 04:37:41.397 [info] > git for-each-ref --format=%(refname)%00%(upstream:short)%00%(objectname)%00%(upstream:track)%00%(upstream:remotename)%00%(upstream:remoteref) refs/heads/master refs/remotes/master [47ms]
2025-09-20 04:37:41.399 [warning] [Git][getBranch] No such branch: master
2025-09-20 04:37:41.404 [info] > git config --get commit.template [109ms]
2025-09-20 04:37:41.767 [info] > git status -z -uall [284ms]
2025-09-20 04:37:41.772 [info] > git for-each-ref --sort -committerdate --format %(refname)%00%(objectname)%00%(*objectname) [143ms]
2025-09-20 04:37:42.127 [info] > git for-each-ref --format=%(refname)%00%(upstream:short)%00%(objectname)%00%(upstream:track)%00%(upstream:remotename)%00%(upstream:remoteref) refs/heads/master refs/remotes/master [170ms]
2025-09-20 04:37:42.128 [warning] [Git][getBranch] No such branch: master
2025-09-20 04:37:42.138 [error] [GitHistoryProvider][resolveHEADMergeBase] Failed to resolve merge base for master: Error: No such branch: master.
2025-09-20 04:37:42.160 [info] > git config --get commit.template [49ms]
2025-09-20 04:37:42.203 [info] [Git][getRemotes] No remotes found in the git config file
2025-09-20 04:37:42.213 [info] > git for-each-ref --format=%(refname)%00%(upstream:short)%00%(objectname)%00%(upstream:track)%00%(upstream:remotename)%00%(upstream:remoteref) refs/heads/master refs/remotes/master [12ms]
2025-09-20 04:37:42.213 [warning] [Git][getBranch] No such branch: master
2025-09-20 04:37:42.358 [info] > git status -z -uall [101ms]
2025-09-20 04:37:42.364 [info] > git for-each-ref --sort -committerdate --format %(refname)%00%(objectname)%00%(*objectname) [56ms]
2025-09-20 04:37:46.462 [info] > git check-ignore -v -z --stdin [17ms]
2025-09-20 04:38:30.671 [info] > git for-each-ref --format=%(refname)%00%(upstream:short)%00%(objectname)%00%(upstream:track)%00%(upstream:remotename)%00%(upstream:remoteref) refs/heads/master refs/remotes/master [25ms]
2025-09-20 04:38:30.713 [info] > git config --get commit.template [158ms]
2025-09-20 04:38:30.997 [info] > git status -z -uall [211ms]
2025-09-20 04:38:31.003 [info] > git for-each-ref --sort -committerdate --format %(refname)%00%(objectname)%00%(*objectname) [111ms]
2025-09-20 04:45:06.069 [info] > git check-ignore -v -z --stdin [3ms]
