2025-09-20 04:36:47.106 [info] [main] Log level: Info
2025-09-20 04:36:47.106 [info] [main] Validating found git in: "git"
2025-09-20 04:36:47.106 [info] [main] Using git "2.25.1" from "git"
2025-09-20 04:36:47.106 [info] [Model][doInitialScan] Initial repository scan started
2025-09-20 04:36:47.106 [info] > git rev-parse --show-toplevel [463ms]
2025-09-20 04:36:47.106 [info] fatal: not a git repository (or any of the parent directories): .git
2025-09-20 04:36:47.106 [info] [Model][doInitialScan] Initial repository scan completed - repositories (0), closed repositories (0), parent repositories (0), unsafe repositories (0)
2025-09-20 04:37:40.970 [info] > git rev-parse --show-toplevel [31ms]
2025-09-20 04:37:41.149 [info] > git rev-parse --git-dir --git-common-dir --show-superproject-working-tree [57ms]
2025-09-20 04:37:41.296 [info] [Model][openRepository] Opened repository (path): /workspace/project
2025-09-20 04:37:41.297 [info] [Model][openRepository] Opened repository (real path): /workspace/project
2025-09-20 04:37:41.297 [info] [Model][openRepository] Opened repository (kind): repository
2025-09-20 04:37:41.668 [info] [Git][getRemotes] No remotes found in the git config file
2025-09-20 04:37:41.678 [info] > git config --get commit.template [211ms]
2025-09-20 04:37:41.682 [info] > git for-each-ref --format=%(refname)%00%(upstream:short)%00%(objectname)%00%(upstream:track)%00%(upstream:remotename)%00%(upstream:remoteref) refs/heads/master refs/remotes/master [25ms]
2025-09-20 04:37:41.685 [warning] [Git][getBranch] No such branch: master
2025-09-20 04:37:42.002 [info] > git status -z -uall [242ms]
2025-09-20 04:37:42.029 [info] > git for-each-ref --sort -committerdate --format %(refname)%00%(objectname)%00%(*objectname) [97ms]
2025-09-20 04:37:42.372 [info] > git for-each-ref --format=%(refname)%00%(upstream:short)%00%(objectname)%00%(upstream:track)%00%(upstream:remotename)%00%(upstream:remoteref) refs/heads/master refs/remotes/master [202ms]
2025-09-20 04:37:42.375 [warning] [Git][getBranch] No such branch: master
2025-09-20 04:37:42.393 [error] [GitHistoryProvider][resolveHEADMergeBase] Failed to resolve merge base for master: Error: No such branch: master.
2025-09-20 04:37:42.470 [info] > git config --get commit.template [132ms]
2025-09-20 04:37:42.475 [info] [Git][getRemotes] No remotes found in the git config file
2025-09-20 04:37:42.575 [info] > git for-each-ref --format=%(refname)%00%(upstream:short)%00%(objectname)%00%(upstream:track)%00%(upstream:remotename)%00%(upstream:remoteref) refs/heads/master refs/remotes/master [44ms]
2025-09-20 04:37:42.576 [warning] [Git][getBranch] No such branch: master
2025-09-20 04:37:42.708 [info] > git status -z -uall [74ms]
2025-09-20 04:37:42.787 [info] > git for-each-ref --sort -committerdate --format %(refname)%00%(objectname)%00%(*objectname) [98ms]
2025-09-20 04:37:42.988 [info] > git check-ignore -v -z --stdin [35ms]
2025-09-20 04:37:44.383 [info] > git config --get commit.template [55ms]
2025-09-20 04:37:44.389 [info] > git for-each-ref --format=%(refname)%00%(upstream:short)%00%(objectname)%00%(upstream:track)%00%(upstream:remotename)%00%(upstream:remoteref) refs/heads/master refs/remotes/master [13ms]
2025-09-20 04:37:44.389 [warning] [Git][getBranch] No such branch: master
2025-09-20 04:37:44.499 [info] > git status -z -uall [63ms]
2025-09-20 04:37:44.529 [info] > git for-each-ref --sort -committerdate --format %(refname)%00%(objectname)%00%(*objectname) [42ms]
2025-09-20 04:37:46.785 [info] > git check-ignore -v -z --stdin [51ms]
2025-09-20 04:37:49.747 [info] > git config --get commit.template [90ms]
2025-09-20 04:37:49.766 [info] > git for-each-ref --format=%(refname)%00%(upstream:short)%00%(objectname)%00%(upstream:track)%00%(upstream:remotename)%00%(upstream:remoteref) refs/heads/master refs/remotes/master [31ms]
2025-09-20 04:37:49.935 [info] > git status -z -uall [117ms]
2025-09-20 04:37:49.962 [info] > git for-each-ref --sort -committerdate --format %(refname)%00%(objectname)%00%(*objectname) [47ms]
2025-09-20 04:38:12.722 [info] > git config --get commit.template [107ms]
2025-09-20 04:38:12.745 [info] > git for-each-ref --format=%(refname)%00%(upstream:short)%00%(objectname)%00%(upstream:track)%00%(upstream:remotename)%00%(upstream:remoteref) refs/heads/master refs/remotes/master [29ms]
2025-09-20 04:38:13.003 [info] > git status -z -uall [187ms]
2025-09-20 04:38:13.029 [info] > git for-each-ref --sort -committerdate --format %(refname)%00%(objectname)%00%(*objectname) [43ms]
2025-09-20 04:38:47.401 [info] > git config --get commit.template [2256ms]
2025-09-20 04:38:47.450 [info] > git for-each-ref --format=%(refname)%00%(upstream:short)%00%(objectname)%00%(upstream:track)%00%(upstream:remotename)%00%(upstream:remoteref) refs/heads/master refs/remotes/master [15ms]
2025-09-20 04:38:47.559 [info] > git status -z -uall [61ms]
2025-09-20 04:38:47.625 [info] > git for-each-ref --sort -committerdate --format %(refname)%00%(objectname)%00%(*objectname) [83ms]
2025-09-20 04:38:52.670 [info] > git config --get commit.template [15ms]
2025-09-20 04:38:52.672 [info] > git for-each-ref --format=%(refname)%00%(upstream:short)%00%(objectname)%00%(upstream:track)%00%(upstream:remotename)%00%(upstream:remoteref) refs/heads/master refs/remotes/master [4ms]
2025-09-20 04:38:52.698 [info] > git status -z -uall [14ms]
2025-09-20 04:38:52.702 [info] > git for-each-ref --sort -committerdate --format %(refname)%00%(objectname)%00%(*objectname) [5ms]
2025-09-20 04:39:05.942 [info] > git log --format=%H%n%aN%n%aE%n%at%n%ct%n%P%n%D%n%B -z --shortstat -n50 --skip=0 --topo-order --decorate=full --stdin [116ms]
2025-09-20 04:39:07.103 [info] > git check-ignore -v -z --stdin [5ms]
2025-09-20 04:39:14.327 [info] > git config --get commit.template [18ms]
2025-09-20 04:39:14.328 [info] > git for-each-ref --format=%(refname)%00%(upstream:short)%00%(objectname)%00%(upstream:track)%00%(upstream:remotename)%00%(upstream:remoteref) refs/heads/master refs/remotes/master [3ms]
2025-09-20 04:39:14.358 [info] > git status -z -uall [15ms]
2025-09-20 04:39:14.361 [info] > git for-each-ref --sort -committerdate --format %(refname)%00%(objectname)%00%(*objectname) [5ms]
2025-09-20 04:39:27.680 [info] > git config --get commit.template [17ms]
2025-09-20 04:39:27.682 [info] > git for-each-ref --format=%(refname)%00%(upstream:short)%00%(objectname)%00%(upstream:track)%00%(upstream:remotename)%00%(upstream:remoteref) refs/heads/master refs/remotes/master [3ms]
2025-09-20 04:39:27.714 [info] > git status -z -uall [16ms]
2025-09-20 04:39:27.719 [info] > git for-each-ref --sort -committerdate --format %(refname)%00%(objectname)%00%(*objectname) [5ms]
2025-09-20 04:41:56.321 [info] > git config --get commit.template [17ms]
2025-09-20 04:41:56.324 [info] > git for-each-ref --format=%(refname)%00%(upstream:short)%00%(objectname)%00%(upstream:track)%00%(upstream:remotename)%00%(upstream:remoteref) refs/heads/master refs/remotes/master [4ms]
2025-09-20 04:41:56.359 [info] > git status -z -uall [20ms]
2025-09-20 04:41:56.361 [info] > git for-each-ref --sort -committerdate --format %(refname)%00%(objectname)%00%(*objectname) [6ms]
2025-09-20 04:42:11.873 [info] > git config --get commit.template [18ms]
2025-09-20 04:42:11.875 [info] > git for-each-ref --format=%(refname)%00%(upstream:short)%00%(objectname)%00%(upstream:track)%00%(upstream:remotename)%00%(upstream:remoteref) refs/heads/master refs/remotes/master [4ms]
2025-09-20 04:42:11.911 [info] > git status -z -uall [20ms]
2025-09-20 04:42:11.912 [info] > git for-each-ref --sort -committerdate --format %(refname)%00%(objectname)%00%(*objectname) [5ms]
2025-09-20 04:42:18.512 [info] > git config --get commit.template [18ms]
2025-09-20 04:42:18.515 [info] > git for-each-ref --format=%(refname)%00%(upstream:short)%00%(objectname)%00%(upstream:track)%00%(upstream:remotename)%00%(upstream:remoteref) refs/heads/master refs/remotes/master [4ms]
2025-09-20 04:42:18.546 [info] > git status -z -uall [16ms]
2025-09-20 04:42:18.551 [info] > git for-each-ref --sort -committerdate --format %(refname)%00%(objectname)%00%(*objectname) [6ms]
